{
  "RSpec": {
    "coverage": {
      "/Users/drewproebstel/turing/4module/what_are_we_watching_be/config/environment.rb": {
        "lines": [
          null,
          1,
          null,
          null,
          1
        ]
      },
      "/Users/drewproebstel/turing/4module/what_are_we_watching_be/config/application.rb": {
        "lines": [
          1,
          null,
          1,
          null,
          1,
          1,
          1,
          1,
          1,
          1,
          1,
          1,
          1,
          null,
          null,
          null,
          null,
          1,
          null,
          1,
          1,
          null,
          1,
          null,
          null,
          null,
          null,
          null,
          null,
          null,
          null,
          null,
          1,
          null,
          null
        ]
      },
      "/Users/drewproebstel/turing/4module/what_are_we_watching_be/config/boot.rb": {
        "lines": [
          1,
          null,
          1,
          1
        ]
      },
      "/Users/drewproebstel/turing/4module/what_are_we_watching_be/config/environments/test.rb": {
        "lines": [
          1,
          null,
          null,
          null,
          null,
          null,
          null,
          1,
          null,
          null,
          null,
          null,
          1,
          null,
          null,
          1,
          1,
          null,
          null,
          null,
          null,
          1,
          1,
          null,
          null,
          1,
          null,
          null,
          1,
          null,
          null,
          1,
          null,
          1,
          null,
          null,
          null,
          null,
          1,
          null,
          null,
          1,
          null,
          null,
          null,
          null
        ]
      },
      "/Users/drewproebstel/turing/4module/what_are_we_watching_be/config/initializers/application_controller_renderer.rb": {
        "lines": [
          null,
          null,
          null,
          null,
          null,
          null,
          null,
          null
        ]
      },
      "/Users/drewproebstel/turing/4module/what_are_we_watching_be/config/initializers/backtrace_silencers.rb": {
        "lines": [
          null,
          null,
          null,
          null,
          null,
          null,
          null
        ]
      },
      "/Users/drewproebstel/turing/4module/what_are_we_watching_be/config/initializers/cors.rb": {
        "lines": [
          null,
          null,
          null,
          null,
          null,
          null,
          null,
          null,
          null,
          null,
          null,
          null,
          null,
          null,
          null,
          null
        ]
      },
      "/Users/drewproebstel/turing/4module/what_are_we_watching_be/config/initializers/filter_parameter_logging.rb": {
        "lines": [
          null,
          null,
          null,
          1
        ]
      },
      "/Users/drewproebstel/turing/4module/what_are_we_watching_be/config/initializers/inflections.rb": {
        "lines": [
          null,
          null,
          null,
          null,
          null,
          null,
          null,
          null,
          null,
          null,
          null,
          null,
          null,
          null,
          null,
          null
        ]
      },
      "/Users/drewproebstel/turing/4module/what_are_we_watching_be/config/initializers/mime_types.rb": {
        "lines": [
          null,
          null,
          null,
          null
        ]
      },
      "/Users/drewproebstel/turing/4module/what_are_we_watching_be/config/initializers/wrap_parameters.rb": {
        "lines": [
          null,
          null,
          null,
          null,
          null,
          null,
          1,
          2,
          null,
          null,
          null,
          null,
          null,
          null
        ]
      },
      "/Users/drewproebstel/turing/4module/what_are_we_watching_be/spec/factories/event_movies.rb": {
        "lines": [
          1,
          1,
          1,
          1,
          1,
          null,
          null
        ]
      },
      "/Users/drewproebstel/turing/4module/what_are_we_watching_be/spec/factories/events.rb": {
        "lines": [
          1,
          1,
          1,
          1,
          1,
          null,
          1,
          null,
          null
        ]
      },
      "/Users/drewproebstel/turing/4module/what_are_we_watching_be/spec/factories/movies.rb": {
        "lines": [
          1,
          1,
          1,
          1,
          1,
          1,
          null,
          null
        ]
      },
      "/Users/drewproebstel/turing/4module/what_are_we_watching_be/spec/factories/users.rb": {
        "lines": [
          1,
          1,
          1,
          null,
          null
        ]
      },
      "/Users/drewproebstel/turing/4module/what_are_we_watching_be/config/routes.rb": {
        "lines": [
          1,
          1,
          0,
          null,
          null,
          null,
          1,
          null,
          null,
          null,
          null,
          null,
          null,
          null,
          null,
          null,
          null,
          null,
          null
        ]
      },
      "/Users/drewproebstel/turing/4module/what_are_we_watching_be/spec/models/event_movie_spec.rb": {
        "lines": [
          1,
          null,
          1,
          1,
          2,
          2,
          null,
          null
        ]
      },
      "/Users/drewproebstel/turing/4module/what_are_we_watching_be/app/models/event_movie.rb": {
        "lines": [
          1,
          1,
          1,
          null,
          1,
          0,
          null,
          null,
          null
        ]
      },
      "/Users/drewproebstel/turing/4module/what_are_we_watching_be/app/models/application_record.rb": {
        "lines": [
          1,
          1,
          null
        ]
      },
      "/Users/drewproebstel/turing/4module/what_are_we_watching_be/spec/models/event_spec.rb": {
        "lines": [
          1,
          null,
          1,
          1,
          2,
          2,
          null,
          1,
          2,
          2,
          2,
          null,
          null
        ]
      },
      "/Users/drewproebstel/turing/4module/what_are_we_watching_be/app/models/event.rb": {
        "lines": [
          1,
          1,
          1,
          1,
          null,
          null,
          1,
          1,
          1,
          1,
          null,
          6,
          6,
          7,
          null,
          null,
          null
        ]
      },
      "/Users/drewproebstel/turing/4module/what_are_we_watching_be/spec/models/movie_spec.rb": {
        "lines": [
          1,
          null,
          1,
          1,
          2,
          2,
          2,
          null,
          1,
          2,
          null,
          null,
          null
        ]
      },
      "/Users/drewproebstel/turing/4module/what_are_we_watching_be/app/models/movie.rb": {
        "lines": [
          1,
          1,
          1,
          null,
          null,
          1,
          null,
          null,
          null
        ]
      },
      "/Users/drewproebstel/turing/4module/what_are_we_watching_be/spec/models/user_spec.rb": {
        "lines": [
          1,
          null,
          1,
          1,
          2,
          null,
          null,
          1,
          2,
          null,
          null,
          null,
          null
        ]
      },
      "/Users/drewproebstel/turing/4module/what_are_we_watching_be/app/models/user.rb": {
        "lines": [
          1,
          1,
          null,
          1,
          null,
          null
        ]
      },
      "/Users/drewproebstel/turing/4module/what_are_we_watching_be/spec/request/create_event_spec.rb": {
        "lines": [
          1,
          null,
          1,
          1,
          1,
          1,
          1,
          1,
          1,
          null,
          null,
          null,
          1,
          1,
          null,
          null,
          null,
          null,
          null,
          null,
          null,
          null,
          null,
          null,
          null
        ]
      },
      "/Users/drewproebstel/turing/4module/what_are_we_watching_be/app/graphql/mutations/create_event.rb": {
        "lines": [
          1,
          1,
          1,
          1,
          null,
          1,
          1,
          null,
          1,
          1,
          null,
          1,
          1,
          null,
          0,
          null,
          null,
          null
        ]
      },
      "/Users/drewproebstel/turing/4module/what_are_we_watching_be/app/graphql/mutations/base_mutation.rb": {
        "lines": [
          1,
          1,
          1,
          1,
          1,
          1,
          null,
          null
        ]
      },
      "/Users/drewproebstel/turing/4module/what_are_we_watching_be/app/graphql/types/base_argument.rb": {
        "lines": [
          1,
          1,
          null,
          null
        ]
      },
      "/Users/drewproebstel/turing/4module/what_are_we_watching_be/app/graphql/types/base_field.rb": {
        "lines": [
          1,
          1,
          1,
          null,
          null
        ]
      },
      "/Users/drewproebstel/turing/4module/what_are_we_watching_be/app/graphql/types/base_input_object.rb": {
        "lines": [
          1,
          1,
          1,
          null,
          null
        ]
      },
      "/Users/drewproebstel/turing/4module/what_are_we_watching_be/app/graphql/types/base_object.rb": {
        "lines": [
          1,
          1,
          1,
          1,
          1,
          null,
          null
        ]
      },
      "/Users/drewproebstel/turing/4module/what_are_we_watching_be/app/graphql/types/base_edge.rb": {
        "lines": [
          1,
          1,
          null,
          1,
          null,
          null
        ]
      },
      "/Users/drewproebstel/turing/4module/what_are_we_watching_be/app/graphql/types/base_connection.rb": {
        "lines": [
          1,
          1,
          null,
          1,
          null,
          null
        ]
      },
      "/Users/drewproebstel/turing/4module/what_are_we_watching_be/app/graphql/types/event_type.rb": {
        "lines": [
          null,
          null,
          1,
          1,
          1,
          1,
          1,
          1,
          1,
          1,
          1,
          1,
          1,
          null,
          null
        ]
      },
      "/Users/drewproebstel/turing/4module/what_are_we_watching_be/spec/request/create_vote_spec.rb": {
        "lines": [
          1,
          null,
          1,
          1,
          1,
          1,
          1,
          1,
          1,
          null,
          1,
          1,
          1,
          null,
          null,
          null,
          null,
          1,
          1,
          null,
          null,
          null,
          null,
          null,
          null,
          null,
          null,
          null,
          null,
          null,
          null,
          null,
          null,
          null
        ]
      },
      "/Users/drewproebstel/turing/4module/what_are_we_watching_be/app/graphql/mutations/vote.rb": {
        "lines": [
          1,
          1,
          1,
          1,
          null,
          1,
          1,
          null,
          1,
          1,
          1,
          1,
          1,
          1,
          0,
          0,
          null,
          0,
          null,
          null,
          null
        ]
      },
      "/Users/drewproebstel/turing/4module/what_are_we_watching_be/app/graphql/types/event_movie_type.rb": {
        "lines": [
          null,
          null,
          1,
          1,
          1,
          1,
          1,
          1,
          1,
          1,
          1,
          1,
          null,
          1,
          5,
          null,
          null,
          1,
          5,
          null,
          null,
          null
        ]
      },
      "/Users/drewproebstel/turing/4module/what_are_we_watching_be/spec/request/get_chunk_spec.rb": {
        "lines": [
          1,
          null,
          1,
          1,
          1,
          1,
          1,
          1,
          1,
          1,
          1,
          1,
          1,
          1,
          1,
          1,
          1,
          null,
          1,
          1,
          1,
          null,
          null,
          null,
          null,
          1,
          1,
          null,
          null,
          null,
          null,
          null,
          null,
          null,
          null,
          null
        ]
      },
      "/Users/drewproebstel/turing/4module/what_are_we_watching_be/app/graphql/types/user_type.rb": {
        "lines": [
          null,
          null,
          1,
          1,
          1,
          1,
          1,
          1,
          1,
          1,
          null,
          null,
          1,
          0,
          null,
          null,
          null,
          null
        ]
      },
      "/Users/drewproebstel/turing/4module/what_are_we_watching_be/spec/request/get_events_spec.rb": {
        "lines": [
          1,
          null,
          1,
          1,
          1,
          1,
          1,
          null,
          1,
          1,
          1,
          1,
          1,
          null,
          1,
          1,
          1,
          1,
          null,
          null,
          null,
          1,
          1,
          null,
          null,
          null,
          null,
          null,
          null,
          null,
          null,
          null,
          null,
          null,
          null,
          null
        ]
      },
      "/Users/drewproebstel/turing/4module/what_are_we_watching_be/spec/request/join_event_spec.rb": {
        "lines": [
          1,
          null,
          1,
          1,
          1,
          1,
          1,
          1,
          null,
          1,
          1,
          null,
          1,
          1,
          null,
          null,
          null,
          1,
          1,
          null,
          null,
          null,
          null,
          null,
          null,
          null,
          null,
          null,
          null,
          null,
          null,
          null
        ]
      },
      "/Users/drewproebstel/turing/4module/what_are_we_watching_be/app/graphql/mutations/join_event.rb": {
        "lines": [
          1,
          1,
          1,
          null,
          1,
          1,
          null,
          1,
          1,
          1,
          null,
          1,
          null,
          1,
          null,
          null,
          null,
          null,
          0,
          null,
          null,
          null,
          null,
          null,
          null
        ]
      },
      "/Users/drewproebstel/turing/4module/what_are_we_watching_be/spec/services/movie_service_spec.rb": {
        "lines": [
          1,
          1,
          1,
          1,
          null,
          1,
          1,
          null,
          null,
          null,
          null
        ]
      },
      "/Users/drewproebstel/turing/4module/what_are_we_watching_be/app/facades/movie_facade.rb": {
        "lines": [
          1,
          1,
          1,
          1,
          20,
          null,
          null,
          null,
          null,
          null
        ]
      },
      "/Users/drewproebstel/turing/4module/what_are_we_watching_be/app/services/movie_service.rb": {
        "lines": [
          1,
          1,
          null,
          1,
          1,
          2,
          2,
          2,
          null,
          null,
          1,
          null,
          1,
          2,
          2,
          null,
          null,
          null,
          1,
          2,
          null,
          null
        ]
      },
      "/Users/drewproebstel/turing/4module/what_are_we_watching_be/app/controllers/graphql_controller.rb": {
        "lines": [
          1,
          null,
          null,
          null,
          null,
          null,
          1,
          5,
          5,
          5,
          5,
          null,
          null,
          null,
          5,
          5,
          null,
          0,
          0,
          null,
          null,
          1,
          null,
          null,
          1,
          5,
          null,
          0,
          0,
          null,
          0,
          null,
          null,
          0,
          null,
          0,
          null,
          5,
          null,
          0,
          null,
          null,
          null,
          1,
          0,
          0,
          null,
          0,
          null,
          null
        ]
      },
      "/Users/drewproebstel/turing/4module/what_are_we_watching_be/app/controllers/application_controller.rb": {
        "lines": [
          1,
          null,
          null,
          null
        ]
      },
      "/Users/drewproebstel/turing/4module/what_are_we_watching_be/app/graphql/what_are_we_watching_be_schema.rb": {
        "lines": [
          1,
          1,
          1,
          null,
          null,
          1,
          null,
          null,
          1,
          null,
          null,
          null,
          null,
          0,
          null,
          null,
          null,
          1,
          null,
          null,
          0,
          null,
          null,
          null,
          null,
          null,
          1,
          null,
          0,
          null,
          null,
          null,
          1,
          null,
          0,
          null,
          null
        ]
      },
      "/Users/drewproebstel/turing/4module/what_are_we_watching_be/app/graphql/types/mutation_type.rb": {
        "lines": [
          1,
          1,
          null,
          null,
          1,
          1,
          1,
          1,
          null,
          null
        ]
      },
      "/Users/drewproebstel/turing/4module/what_are_we_watching_be/app/graphql/mutations/create_user.rb": {
        "lines": [
          1,
          1,
          null,
          1,
          1,
          null,
          1,
          0,
          0,
          0,
          null,
          0,
          null,
          null,
          null
        ]
      },
      "/Users/drewproebstel/turing/4module/what_are_we_watching_be/app/graphql/types/query_type.rb": {
        "lines": [
          1,
          1,
          null,
          1,
          null,
          null,
          null,
          null,
          null,
          null,
          null,
          null,
          null,
          null,
          null,
          null,
          null,
          1,
          null,
          null,
          1,
          0,
          null,
          null,
          1,
          1,
          1,
          null,
          null,
          1,
          1,
          null,
          null,
          null,
          null,
          null,
          null,
          1,
          null,
          null,
          null,
          null,
          1,
          1,
          null,
          null,
          1,
          1,
          0,
          null,
          null,
          1,
          1,
          null,
          null,
          1,
          0,
          null,
          null,
          null,
          null
        ]
      },
      "/Users/drewproebstel/turing/4module/what_are_we_watching_be/app/graphql/types/movie_type.rb": {
        "lines": [
          null,
          null,
          1,
          1,
          1,
          1,
          1,
          1,
          1,
          1,
          1,
          null,
          null
        ]
      }
    },
    "timestamp": 1662533156
  }
}
